<?xml version="1.0" encoding="UTF-8"?>
<!-- Generated by org.testng.reporters.JUnitReportReporter -->
<testsuite hostname="WINDOWS-BVQNF6J" failures="0" tests="1" name="group1_art.tc_Proceed_to_buy_09" time="5.193" errors="0" timestamp="2022-04-11T16:32:35 IST" skipped="0">
  <testcase classname="group1_art.tc_Proceed_to_buy_09" name="login" time="5.193"/>
  <system-out/>
</testsuite> <!-- group1_art.tc_Proceed_to_buy_09 -->
