<?xml version="1.0" encoding="UTF-8"?>
<!-- Generated by org.testng.reporters.JUnitReportReporter -->
<testsuite hostname="WINDOWS-BVQNF6J" failures="0" tests="1" name="group1_art.Receiving_confirmation_02" time="17.019" errors="0" timestamp="2022-04-11T15:59:38 IST" skipped="0">
  <testcase classname="group1_art.Receiving_confirmation_02" name="login" time="17.019"/>
  <system-out/>
</testsuite> <!-- group1_art.Receiving_confirmation_02 -->
