<?xml version="1.0" encoding="UTF-8"?>
<!-- Generated by org.testng.reporters.JUnitReportReporter -->
<testsuite hostname="WINDOWS-BVQNF6J" failures="0" tests="1" name="group1_art.tc_Proceed_to_buy_08" time="15.422" errors="0" timestamp="2022-04-11T15:43:58 IST" skipped="0">
  <testcase classname="group1_art.tc_Proceed_to_buy_08" name="login" time="15.422"/>
  <system-out/>
</testsuite> <!-- group1_art.tc_Proceed_to_buy_08 -->
