<?xml version="1.0" encoding="UTF-8"?>
<!-- Generated by org.testng.reporters.JUnitReportReporter -->
<testsuite hostname="WINDOWS-BVQNF6J" failures="0" tests="1" name="group1_art.Dataprovider1" time="8.555" errors="0" timestamp="2022-04-11T11:30:43 IST" skipped="0">
  <testcase classname="group1_art.Dataprovider1" name="login" time="8.555"/>
  <system-out/>
</testsuite> <!-- group1_art.Dataprovider1 -->
