<?xml version="1.0" encoding="UTF-8"?>
<!-- Generated by org.testng.reporters.JUnitReportReporter -->
<testsuite hostname="WINDOWS-BVQNF6J" failures="0" tests="2" name="group1_art.Paymeny" time="8.801" errors="0" timestamp="2022-04-11T11:31:12 IST" skipped="0">
  <testcase classname="group1_art.Paymeny" name="login" time="8.790"/>
  <system-out/>
  <testcase classname="group1_art.Paymeny" name="f" time="0.011"/>
  <system-out/>
</testsuite> <!-- group1_art.Paymeny -->
