<?xml version="1.0" encoding="UTF-8"?>
<!-- Generated by org.testng.reporters.JUnitReportReporter -->
<testsuite hostname="WINDOWS-BVQNF6J" failures="0" tests="1" name="group1_art.Receiving_confirmation_03" time="20.380" errors="0" timestamp="2022-04-11T16:57:08 IST" skipped="0">
  <testcase classname="group1_art.Receiving_confirmation_03" name="login" time="20.380"/>
  <system-out/>
</testsuite> <!-- group1_art.Receiving_confirmation_03 -->
