<?xml version="1.0" encoding="UTF-8"?>
<!-- Generated by org.testng.reporters.JUnitReportReporter -->
<testsuite hostname="WINDOWS-BVQNF6J" failures="0" tests="1" name="group1_art.Receiving_confirmation_01" time="22.105" errors="0" timestamp="2022-04-11T15:55:45 IST" skipped="0">
  <testcase classname="group1_art.Receiving_confirmation_01" name="login" time="22.105"/>
  <system-out/>
</testsuite> <!-- group1_art.Receiving_confirmation_01 -->
