<?xml version="1.0" encoding="UTF-8"?>
<!-- Generated by org.testng.reporters.JUnitReportReporter -->
<testsuite hostname="WINDOWS-BVQNF6J" failures="0" tests="1" name="group1_art.tc_Proceed_to_buy_3" time="16.621" errors="0" timestamp="2022-04-11T15:30:14 IST" skipped="0">
  <testcase classname="group1_art.tc_Proceed_to_buy_3" name="login" time="16.621"/>
  <system-out/>
</testsuite> <!-- group1_art.tc_Proceed_to_buy_3 -->
