<?xml version="1.0" encoding="UTF-8"?>
<!-- Generated by org.testng.reporters.JUnitReportReporter -->
<testsuite hostname="WINDOWS-BVQNF6J" failures="0" tests="1" name="group1_art.Dataprovider3" time="10.903" errors="0" timestamp="2022-04-08T10:31:09 IST" skipped="0">
  <testcase classname="group1_art.Dataprovider3" name="login" time="10.903"/>
  <system-out/>
</testsuite> <!-- group1_art.Dataprovider3 -->
