<?xml version="1.0" encoding="UTF-8"?>
<!-- Generated by org.testng.reporters.JUnitReportReporter -->
<testsuite hostname="WINDOWS-BVQNF6J" failures="0" tests="1" name="group1_art.Dataprovider1" time="9.958" errors="0" timestamp="2022-04-07T15:07:51 IST" skipped="0">
  <testcase classname="group1_art.Dataprovider1" name="login" time="9.958"/>
  <system-out/>
</testsuite> <!-- group1_art.Dataprovider1 -->
