<?xml version="1.0" encoding="UTF-8"?>
<!-- Generated by org.testng.reporters.JUnitReportReporter -->
<testsuite hostname="WINDOWS-BVQNF6J" failures="0" tests="2" name="group1_art.Payment" time="8.988" errors="0" timestamp="2022-04-11T12:08:25 IST" skipped="0">
  <testcase classname="group1_art.Payment" name="f" time="0.010"/>
  <system-out/>
  <testcase classname="group1_art.Payment" name="login" time="8.978"/>
  <system-out/>
</testsuite> <!-- group1_art.Payment -->
