<?xml version="1.0" encoding="UTF-8"?>
<!-- Generated by org.testng.reporters.JUnitReportReporter -->
<testsuite hostname="WINDOWS-BVQNF6J" failures="0" tests="1" name="group1_art.TestCases" time="16.757" errors="0" timestamp="2022-04-11T12:55:16 IST" skipped="0">
  <testcase classname="group1_art.TestCases" name="login" time="16.757"/>
  <system-out/>
</testsuite> <!-- group1_art.TestCases -->
